2014-08-04 16:31:12 Error: [MissingControllerException] Controller class AdminController could not be found.
Exception Attributes: array (
  'class' => 'AdminController',
  'plugin' => NULL,
)
Request URL: /admin
Stack Trace:
#0 /home/gemango/workspace/cake/sharepoint/app/webroot/index.php(108): Dispatcher->dispatch(Object(CakeRequest), Object(CakeResponse))
#1 {main}
2014-08-04 16:43:32 Error: [MissingActionException] Action UsersController::login() could not be found.
Exception Attributes: array (
  'controller' => 'UsersController',
  'action' => 'login',
)
Request URL: /users/login
Stack Trace:
#0 /home/gemango/workspace/cake/sharepoint/lib/Cake/Routing/Dispatcher.php(191): Controller->invokeAction(Object(CakeRequest))
#1 /home/gemango/workspace/cake/sharepoint/lib/Cake/Routing/Dispatcher.php(165): Dispatcher->_invoke(Object(UsersController), Object(CakeRequest))
#2 /home/gemango/workspace/cake/sharepoint/app/webroot/index.php(108): Dispatcher->dispatch(Object(CakeRequest), Object(CakeResponse))
#3 {main}
2014-08-04 16:43:41 Error: [MissingViewException] View file "/home/gemango/workspace/cake/sharepoint/app/View/Users/login.ctp" is missing.
Exception Attributes: array (
  'file' => '/home/gemango/workspace/cake/sharepoint/app/View/Users/login.ctp',
)
Request URL: /users/login
Stack Trace:
#0 /home/gemango/workspace/cake/sharepoint/lib/Cake/View/View.php(468): View->_getViewFileName(NULL)
#1 /home/gemango/workspace/cake/sharepoint/lib/Cake/Controller/Controller.php(954): View->render(NULL, NULL)
#2 /home/gemango/workspace/cake/sharepoint/lib/Cake/Routing/Dispatcher.php(198): Controller->render()
#3 /home/gemango/workspace/cake/sharepoint/lib/Cake/Routing/Dispatcher.php(165): Dispatcher->_invoke(Object(UsersController), Object(CakeRequest))
#4 /home/gemango/workspace/cake/sharepoint/app/webroot/index.php(108): Dispatcher->dispatch(Object(CakeRequest), Object(CakeResponse))
#5 {main}
2014-08-04 17:11:15 Error: [MissingViewException] View file "/home/gemango/workspace/cake/sharepoint/app/View/Users/index.ctp" is missing.
Exception Attributes: array (
  'file' => '/home/gemango/workspace/cake/sharepoint/app/View/Users/index.ctp',
)
Request URL: /users
Stack Trace:
#0 /home/gemango/workspace/cake/sharepoint/lib/Cake/View/View.php(468): View->_getViewFileName(NULL)
#1 /home/gemango/workspace/cake/sharepoint/lib/Cake/Controller/Controller.php(954): View->render(NULL, NULL)
#2 /home/gemango/workspace/cake/sharepoint/lib/Cake/Routing/Dispatcher.php(198): Controller->render()
#3 /home/gemango/workspace/cake/sharepoint/lib/Cake/Routing/Dispatcher.php(165): Dispatcher->_invoke(Object(UsersController), Object(CakeRequest))
#4 /home/gemango/workspace/cake/sharepoint/app/webroot/index.php(108): Dispatcher->dispatch(Object(CakeRequest), Object(CakeResponse))
#5 {main}
2014-08-04 17:14:39 Error: [MissingActionException] Action UsersController::ad() could not be found.
Exception Attributes: array (
  'controller' => 'UsersController',
  'action' => 'ad',
)
Request URL: /users/ad
Stack Trace:
#0 /home/gemango/workspace/cake/sharepoint/lib/Cake/Routing/Dispatcher.php(191): Controller->invokeAction(Object(CakeRequest))
#1 /home/gemango/workspace/cake/sharepoint/lib/Cake/Routing/Dispatcher.php(165): Dispatcher->_invoke(Object(UsersController), Object(CakeRequest))
#2 /home/gemango/workspace/cake/sharepoint/app/webroot/index.php(108): Dispatcher->dispatch(Object(CakeRequest), Object(CakeResponse))
#3 {main}
2014-08-04 17:21:26 Error: Fatal Error (1): Call to a member function setFlash() on a non-object in [/home/gemango/workspace/cake/sharepoint/app/Controller/UsersController.php, line 22]
2014-08-04 17:21:26 Error: [FatalErrorException] Call to a member function setFlash() on a non-object
Request URL: /users/add
Stack Trace:
#0 /home/gemango/workspace/cake/sharepoint/lib/Cake/Error/ErrorHandler.php(203): ErrorHandler::handleFatalError(1, 'Call to a membe...', '/home/gemango/w...', 22)
#1 [internal function]: ErrorHandler::handleError(1, 'Call to a membe...', '/home/gemango/w...', 22, Array)
#2 /home/gemango/workspace/cake/sharepoint/lib/Cake/Core/App.php(931): call_user_func('ErrorHandler::h...', 1, 'Call to a membe...', '/home/gemango/w...', 22, Array)
#3 /home/gemango/workspace/cake/sharepoint/lib/Cake/Core/App.php(904): App::_checkFatalError()
#4 [internal function]: App::shutdown()
#5 {main}
2014-08-04 17:24:40 Error: [PDOException] SQLSTATE[23000]: Integrity constraint violation: 1062 Duplicate entry '1' for key 'PRIMARY'
Request URL: /users/add
Stack Trace:
#0 /home/gemango/workspace/cake/sharepoint/lib/Cake/Model/Datasource/DboSource.php(458): PDOStatement->execute(Array)
#1 /home/gemango/workspace/cake/sharepoint/lib/Cake/Model/Datasource/DboSource.php(424): DboSource->_execute('INSERT INTO `sh...', Array)
#2 /home/gemango/workspace/cake/sharepoint/lib/Cake/Model/Datasource/DboSource.php(1012): DboSource->execute('INSERT INTO `sh...')
#3 /home/gemango/workspace/cake/sharepoint/lib/Cake/Model/Model.php(1850): DboSource->create(Object(User), Array, Array)
#4 /home/gemango/workspace/cake/sharepoint/app/Controller/UsersController.php(19): Model->save(Array)
#5 [internal function]: UsersController->add()
#6 /home/gemango/workspace/cake/sharepoint/lib/Cake/Controller/Controller.php(490): ReflectionMethod->invokeArgs(Object(UsersController), Array)
#7 /home/gemango/workspace/cake/sharepoint/lib/Cake/Routing/Dispatcher.php(191): Controller->invokeAction(Object(CakeRequest))
#8 /home/gemango/workspace/cake/sharepoint/lib/Cake/Routing/Dispatcher.php(165): Dispatcher->_invoke(Object(UsersController), Object(CakeRequest))
#9 /home/gemango/workspace/cake/sharepoint/app/webroot/index.php(108): Dispatcher->dispatch(Object(CakeRequest), Object(CakeResponse))
#10 {main}
2014-08-04 17:26:29 Error: [MissingActionException] Action UsersController::1() could not be found.
Exception Attributes: array (
  'controller' => 'UsersController',
  'action' => '1',
)
Request URL: /users/1
Stack Trace:
#0 /home/gemango/workspace/cake/sharepoint/lib/Cake/Routing/Dispatcher.php(191): Controller->invokeAction(Object(CakeRequest))
#1 /home/gemango/workspace/cake/sharepoint/lib/Cake/Routing/Dispatcher.php(165): Dispatcher->_invoke(Object(UsersController), Object(CakeRequest))
#2 /home/gemango/workspace/cake/sharepoint/app/webroot/index.php(108): Dispatcher->dispatch(Object(CakeRequest), Object(CakeResponse))
#3 {main}
2014-08-04 17:26:38 Error: [MissingControllerException] Controller class LoginController could not be found.
Exception Attributes: array (
  'class' => 'LoginController',
  'plugin' => NULL,
)
Request URL: /login
Stack Trace:
#0 /home/gemango/workspace/cake/sharepoint/app/webroot/index.php(108): Dispatcher->dispatch(Object(CakeRequest), Object(CakeResponse))
#1 {main}
2014-08-04 17:26:50 Error: [MissingActionException] Action UsersController::1() could not be found.
Exception Attributes: array (
  'controller' => 'UsersController',
  'action' => '1',
)
Request URL: /users/1
Stack Trace:
#0 /home/gemango/workspace/cake/sharepoint/lib/Cake/Routing/Dispatcher.php(191): Controller->invokeAction(Object(CakeRequest))
#1 /home/gemango/workspace/cake/sharepoint/lib/Cake/Routing/Dispatcher.php(165): Dispatcher->_invoke(Object(UsersController), Object(CakeRequest))
#2 /home/gemango/workspace/cake/sharepoint/app/webroot/index.php(108): Dispatcher->dispatch(Object(CakeRequest), Object(CakeResponse))
#3 {main}
2014-08-04 17:38:59 Error: [MissingViewException] View file "/home/gemango/workspace/cake/sharepoint/app/View/Groups/index.ctp" is missing.
Exception Attributes: array (
  'file' => '/home/gemango/workspace/cake/sharepoint/app/View/Groups/index.ctp',
)
Request URL: /groups
Stack Trace:
#0 /home/gemango/workspace/cake/sharepoint/lib/Cake/View/View.php(468): View->_getViewFileName(NULL)
#1 /home/gemango/workspace/cake/sharepoint/lib/Cake/Controller/Controller.php(954): View->render(NULL, NULL)
#2 /home/gemango/workspace/cake/sharepoint/lib/Cake/Routing/Dispatcher.php(198): Controller->render()
#3 /home/gemango/workspace/cake/sharepoint/lib/Cake/Routing/Dispatcher.php(165): Dispatcher->_invoke(Object(GroupsController), Object(CakeRequest))
#4 /home/gemango/workspace/cake/sharepoint/app/webroot/index.php(108): Dispatcher->dispatch(Object(CakeRequest), Object(CakeResponse))
#5 {main}
2014-08-04 18:20:12 Error: [MissingTableException] Table aros for model Aro was not found in datasource default.
Exception Attributes: array (
  'table' => 'aros',
  'class' => 'Aro',
  'ds' => 'default',
)
Request URL: /users/add
Stack Trace:
#0 /home/gemango/workspace/cake/sharepoint/lib/Cake/Model/Model.php(3525): Model->setSource('aros')
#1 /home/gemango/workspace/cake/sharepoint/lib/Cake/Model/Model.php(1365): Model->getDataSource()
#2 /home/gemango/workspace/cake/sharepoint/lib/Cake/Model/Model.php(1549): Model->schema()
#3 /home/gemango/workspace/cake/sharepoint/lib/Cake/Model/Behavior/AclBehavior.php(120): Model->create()
#4 [internal function]: AclBehavior->afterSave(Object(User), true, Array)
#5 /home/gemango/workspace/cake/sharepoint/lib/Cake/Utility/ObjectCollection.php(128): call_user_func_array(Array, Array)
#6 [internal function]: ObjectCollection->trigger(Object(CakeEvent))
#7 /home/gemango/workspace/cake/sharepoint/lib/Cake/Event/CakeEventManager.php(242): call_user_func(Array, Object(CakeEvent))
#8 /home/gemango/workspace/cake/sharepoint/lib/Cake/Model/Model.php(1879): CakeEventManager->dispatch(Object(CakeEvent))
#9 /home/gemango/workspace/cake/sharepoint/app/Controller/UsersController.php(14): Model->save(Array)
#10 [internal function]: UsersController->add()
#11 /home/gemango/workspace/cake/sharepoint/lib/Cake/Controller/Controller.php(490): ReflectionMethod->invokeArgs(Object(UsersController), Array)
#12 /home/gemango/workspace/cake/sharepoint/lib/Cake/Routing/Dispatcher.php(191): Controller->invokeAction(Object(CakeRequest))
#13 /home/gemango/workspace/cake/sharepoint/lib/Cake/Routing/Dispatcher.php(165): Dispatcher->_invoke(Object(UsersController), Object(CakeRequest))
#14 /home/gemango/workspace/cake/sharepoint/app/webroot/index.php(108): Dispatcher->dispatch(Object(CakeRequest), Object(CakeResponse))
#15 {main}
2014-08-04 18:21:41 Error: [MissingViewException] View file "/home/gemango/workspace/cake/sharepoint/app/View/Groups/users.ctp" is missing.
Exception Attributes: array (
  'file' => '/home/gemango/workspace/cake/sharepoint/app/View/Groups/users.ctp',
)
Request URL: /groups/users/add
Stack Trace:
#0 /home/gemango/workspace/cake/sharepoint/lib/Cake/View/View.php(468): View->_getViewFileName(NULL)
#1 /home/gemango/workspace/cake/sharepoint/lib/Cake/Controller/Controller.php(954): View->render(NULL, NULL)
#2 /home/gemango/workspace/cake/sharepoint/lib/Cake/Routing/Dispatcher.php(198): Controller->render()
#3 /home/gemango/workspace/cake/sharepoint/lib/Cake/Routing/Dispatcher.php(165): Dispatcher->_invoke(Object(GroupsController), Object(CakeRequest))
#4 /home/gemango/workspace/cake/sharepoint/app/webroot/index.php(108): Dispatcher->dispatch(Object(CakeRequest), Object(CakeResponse))
#5 {main}
2014-08-04 18:22:55 Error: [MissingViewException] View file "/home/gemango/workspace/cake/sharepoint/app/View/Groups/users.ctp" is missing.
Exception Attributes: array (
  'file' => '/home/gemango/workspace/cake/sharepoint/app/View/Groups/users.ctp',
)
Request URL: /groups/users/add
Stack Trace:
#0 /home/gemango/workspace/cake/sharepoint/lib/Cake/View/View.php(468): View->_getViewFileName(NULL)
#1 /home/gemango/workspace/cake/sharepoint/lib/Cake/Controller/Controller.php(954): View->render(NULL, NULL)
#2 /home/gemango/workspace/cake/sharepoint/lib/Cake/Routing/Dispatcher.php(198): Controller->render()
#3 /home/gemango/workspace/cake/sharepoint/lib/Cake/Routing/Dispatcher.php(165): Dispatcher->_invoke(Object(GroupsController), Object(CakeRequest))
#4 /home/gemango/workspace/cake/sharepoint/app/webroot/index.php(108): Dispatcher->dispatch(Object(CakeRequest), Object(CakeResponse))
#5 {main}
2014-08-04 18:23:00 Error: [MissingViewException] View file "/home/gemango/workspace/cake/sharepoint/app/View/Groups/users.ctp" is missing.
Exception Attributes: array (
  'file' => '/home/gemango/workspace/cake/sharepoint/app/View/Groups/users.ctp',
)
Request URL: /groups/users
Stack Trace:
#0 /home/gemango/workspace/cake/sharepoint/lib/Cake/View/View.php(468): View->_getViewFileName(NULL)
#1 /home/gemango/workspace/cake/sharepoint/lib/Cake/Controller/Controller.php(954): View->render(NULL, NULL)
#2 /home/gemango/workspace/cake/sharepoint/lib/Cake/Routing/Dispatcher.php(198): Controller->render()
#3 /home/gemango/workspace/cake/sharepoint/lib/Cake/Routing/Dispatcher.php(165): Dispatcher->_invoke(Object(GroupsController), Object(CakeRequest))
#4 /home/gemango/workspace/cake/sharepoint/app/webroot/index.php(108): Dispatcher->dispatch(Object(CakeRequest), Object(CakeResponse))
#5 {main}
2014-08-04 18:30:02 Error: Fatal Error (1): Call to a member function find() on a non-object in [/home/gemango/workspace/cake/sharepoint/app/Controller/GroupsController.php, line 17]
2014-08-04 18:30:02 Error: [FatalErrorException] Call to a member function find() on a non-object
Request URL: /groups
Stack Trace:
#0 /home/gemango/workspace/cake/sharepoint/lib/Cake/Error/ErrorHandler.php(203): ErrorHandler::handleFatalError(1, 'Call to a membe...', '/home/gemango/w...', 17)
#1 [internal function]: ErrorHandler::handleError(1, 'Call to a membe...', '/home/gemango/w...', 17, Array)
#2 /home/gemango/workspace/cake/sharepoint/lib/Cake/Core/App.php(931): call_user_func('ErrorHandler::h...', 1, 'Call to a membe...', '/home/gemango/w...', 17, Array)
#3 /home/gemango/workspace/cake/sharepoint/lib/Cake/Core/App.php(904): App::_checkFatalError()
#4 [internal function]: App::shutdown()
#5 {main}
2014-08-04 18:40:37 Error: [MissingActionException] Action UsersController::1() could not be found.
Exception Attributes: array (
  'controller' => 'UsersController',
  'action' => '1',
)
Request URL: /users/1/edit
Stack Trace:
#0 /home/gemango/workspace/cake/sharepoint/lib/Cake/Routing/Dispatcher.php(191): Controller->invokeAction(Object(CakeRequest))
#1 /home/gemango/workspace/cake/sharepoint/lib/Cake/Routing/Dispatcher.php(165): Dispatcher->_invoke(Object(UsersController), Object(CakeRequest))
#2 /home/gemango/workspace/cake/sharepoint/app/webroot/index.php(108): Dispatcher->dispatch(Object(CakeRequest), Object(CakeResponse))
#3 {main}
2014-08-04 18:41:57 Error: [MissingActionException] Action UsersController::1() could not be found.
Exception Attributes: array (
  'controller' => 'UsersController',
  'action' => '1',
)
Request URL: /users/1/edit
Stack Trace:
#0 /home/gemango/workspace/cake/sharepoint/lib/Cake/Routing/Dispatcher.php(191): Controller->invokeAction(Object(CakeRequest))
#1 /home/gemango/workspace/cake/sharepoint/lib/Cake/Routing/Dispatcher.php(165): Dispatcher->_invoke(Object(UsersController), Object(CakeRequest))
#2 /home/gemango/workspace/cake/sharepoint/app/webroot/index.php(108): Dispatcher->dispatch(Object(CakeRequest), Object(CakeResponse))
#3 {main}
2014-08-04 18:42:02 Error: [MissingViewException] View file "/home/gemango/workspace/cake/sharepoint/app/View/Users/edit.ctp" is missing.
Exception Attributes: array (
  'file' => '/home/gemango/workspace/cake/sharepoint/app/View/Users/edit.ctp',
)
Request URL: /users/edit/1
Stack Trace:
#0 /home/gemango/workspace/cake/sharepoint/lib/Cake/View/View.php(468): View->_getViewFileName(NULL)
#1 /home/gemango/workspace/cake/sharepoint/lib/Cake/Controller/Controller.php(954): View->render(NULL, NULL)
#2 /home/gemango/workspace/cake/sharepoint/lib/Cake/Routing/Dispatcher.php(198): Controller->render()
#3 /home/gemango/workspace/cake/sharepoint/lib/Cake/Routing/Dispatcher.php(165): Dispatcher->_invoke(Object(UsersController), Object(CakeRequest))
#4 /home/gemango/workspace/cake/sharepoint/app/webroot/index.php(108): Dispatcher->dispatch(Object(CakeRequest), Object(CakeResponse))
#5 {main}
2014-08-04 18:51:14 Error: [PDOException] SQLSTATE[23000]: Integrity constraint violation: 1062 Duplicate entry 'admin' for key 'username'
Request URL: /users/edit/1
Stack Trace:
#0 /home/gemango/workspace/cake/sharepoint/lib/Cake/Model/Datasource/DboSource.php(458): PDOStatement->execute(Array)
#1 /home/gemango/workspace/cake/sharepoint/lib/Cake/Model/Datasource/DboSource.php(424): DboSource->_execute('INSERT INTO `sh...', Array)
#2 /home/gemango/workspace/cake/sharepoint/lib/Cake/Model/Datasource/DboSource.php(1012): DboSource->execute('INSERT INTO `sh...')
#3 /home/gemango/workspace/cake/sharepoint/lib/Cake/Model/Model.php(1850): DboSource->create(Object(User), Array, Array)
#4 /home/gemango/workspace/cake/sharepoint/app/Controller/UsersController.php(34): Model->save(Array)
#5 [internal function]: UsersController->edit('1')
#6 /home/gemango/workspace/cake/sharepoint/lib/Cake/Controller/Controller.php(490): ReflectionMethod->invokeArgs(Object(UsersController), Array)
#7 /home/gemango/workspace/cake/sharepoint/lib/Cake/Routing/Dispatcher.php(191): Controller->invokeAction(Object(CakeRequest))
#8 /home/gemango/workspace/cake/sharepoint/lib/Cake/Routing/Dispatcher.php(165): Dispatcher->_invoke(Object(UsersController), Object(CakeRequest))
#9 /home/gemango/workspace/cake/sharepoint/app/webroot/index.php(108): Dispatcher->dispatch(Object(CakeRequest), Object(CakeResponse))
#10 {main}
2014-08-04 18:51:46 Error: [CakeException] AclNode::node() - Couldn't find Aro node identified by "Array
(
    [Aro0.model] => User
    [Aro0.foreign_key] => 1
)
"
Request URL: /users/edit/1
Stack Trace:
#0 /home/gemango/workspace/cake/sharepoint/lib/Cake/Model/Behavior/AclBehavior.php(90): AclNode->node(Array)
#1 /home/gemango/workspace/cake/sharepoint/lib/Cake/Model/Behavior/AclBehavior.php(117): AclBehavior->node(Object(User), NULL, 'Aro')
#2 [internal function]: AclBehavior->afterSave(Object(User), false, Array)
#3 /home/gemango/workspace/cake/sharepoint/lib/Cake/Utility/ObjectCollection.php(128): call_user_func_array(Array, Array)
#4 [internal function]: ObjectCollection->trigger(Object(CakeEvent))
#5 /home/gemango/workspace/cake/sharepoint/lib/Cake/Event/CakeEventManager.php(242): call_user_func(Array, Object(CakeEvent))
#6 /home/gemango/workspace/cake/sharepoint/lib/Cake/Model/Model.php(1879): CakeEventManager->dispatch(Object(CakeEvent))
#7 /home/gemango/workspace/cake/sharepoint/app/Controller/UsersController.php(35): Model->save(Array)
#8 [internal function]: UsersController->edit('1')
#9 /home/gemango/workspace/cake/sharepoint/lib/Cake/Controller/Controller.php(490): ReflectionMethod->invokeArgs(Object(UsersController), Array)
#10 /home/gemango/workspace/cake/sharepoint/lib/Cake/Routing/Dispatcher.php(191): Controller->invokeAction(Object(CakeRequest))
#11 /home/gemango/workspace/cake/sharepoint/lib/Cake/Routing/Dispatcher.php(165): Dispatcher->_invoke(Object(UsersController), Object(CakeRequest))
#12 /home/gemango/workspace/cake/sharepoint/app/webroot/index.php(108): Dispatcher->dispatch(Object(CakeRequest), Object(CakeResponse))
#13 {main}
2014-08-04 19:19:31 Error: [MissingViewException] View file "/home/gemango/workspace/cake/sharepoint/app/View/Groups/users.ctp" is missing.
Exception Attributes: array (
  'file' => '/home/gemango/workspace/cake/sharepoint/app/View/Groups/users.ctp',
)
Request URL: /groups/users/1
Stack Trace:
#0 /home/gemango/workspace/cake/sharepoint/lib/Cake/View/View.php(468): View->_getViewFileName(NULL)
#1 /home/gemango/workspace/cake/sharepoint/lib/Cake/Controller/Controller.php(954): View->render(NULL, NULL)
#2 /home/gemango/workspace/cake/sharepoint/lib/Cake/Routing/Dispatcher.php(198): Controller->render()
#3 /home/gemango/workspace/cake/sharepoint/lib/Cake/Routing/Dispatcher.php(165): Dispatcher->_invoke(Object(GroupsController), Object(CakeRequest))
#4 /home/gemango/workspace/cake/sharepoint/app/webroot/index.php(108): Dispatcher->dispatch(Object(CakeRequest), Object(CakeResponse))
#5 {main}
2014-08-04 19:21:17 Error: [MissingViewException] View file "/home/gemango/workspace/cake/sharepoint/app/View/Groups/users.ctp" is missing.
Exception Attributes: array (
  'file' => '/home/gemango/workspace/cake/sharepoint/app/View/Groups/users.ctp',
)
Request URL: /groups/users/1
Stack Trace:
#0 /home/gemango/workspace/cake/sharepoint/lib/Cake/View/View.php(468): View->_getViewFileName(NULL)
#1 /home/gemango/workspace/cake/sharepoint/lib/Cake/Controller/Controller.php(954): View->render(NULL, NULL)
#2 /home/gemango/workspace/cake/sharepoint/lib/Cake/Routing/Dispatcher.php(198): Controller->render()
#3 /home/gemango/workspace/cake/sharepoint/lib/Cake/Routing/Dispatcher.php(165): Dispatcher->_invoke(Object(GroupsController), Object(CakeRequest))
#4 /home/gemango/workspace/cake/sharepoint/app/webroot/index.php(108): Dispatcher->dispatch(Object(CakeRequest), Object(CakeResponse))
#5 {main}
2014-08-04 19:27:41 Error: [MissingActionException] Action GroupsController::add_users() could not be found.
Exception Attributes: array (
  'controller' => 'GroupsController',
  'action' => 'add_users',
)
Request URL: /groups/add_users/1
Stack Trace:
#0 /home/gemango/workspace/cake/sharepoint/lib/Cake/Routing/Dispatcher.php(191): Controller->invokeAction(Object(CakeRequest))
#1 /home/gemango/workspace/cake/sharepoint/lib/Cake/Routing/Dispatcher.php(165): Dispatcher->_invoke(Object(GroupsController), Object(CakeRequest))
#2 /home/gemango/workspace/cake/sharepoint/app/webroot/index.php(108): Dispatcher->dispatch(Object(CakeRequest), Object(CakeResponse))
#3 {main}
2014-08-04 19:48:17 Error: [PDOException] SQLSTATE[42S22]: Column not found: 1054 Unknown column 'User.user_group_role_id' in 'on clause'
Request URL: /groups/users/1
Stack Trace:
#0 /home/gemango/workspace/cake/sharepoint/lib/Cake/Model/Datasource/DboSource.php(458): PDOStatement->execute(Array)
#1 /home/gemango/workspace/cake/sharepoint/lib/Cake/Model/Datasource/DboSource.php(424): DboSource->_execute('SELECT `UserGro...', Array)
#2 /home/gemango/workspace/cake/sharepoint/lib/Cake/Model/Datasource/DboSource.php(666): DboSource->execute('SELECT `UserGro...', Array, Array)
#3 /home/gemango/workspace/cake/sharepoint/lib/Cake/Model/Datasource/DboSource.php(1106): DboSource->fetchAll('SELECT `UserGro...', false)
#4 /home/gemango/workspace/cake/sharepoint/lib/Cake/Model/Model.php(2921): DboSource->read(Object(UserGroupRole), Array)
#5 /home/gemango/workspace/cake/sharepoint/lib/Cake/Model/Model.php(2893): Model->_readDataSource('all', Array)
#6 /home/gemango/workspace/cake/sharepoint/app/Controller/GroupsController.php(54): Model->find('all', Array)
#7 [internal function]: GroupsController->users('1')
#8 /home/gemango/workspace/cake/sharepoint/lib/Cake/Controller/Controller.php(490): ReflectionMethod->invokeArgs(Object(GroupsController), Array)
#9 /home/gemango/workspace/cake/sharepoint/lib/Cake/Routing/Dispatcher.php(191): Controller->invokeAction(Object(CakeRequest))
#10 /home/gemango/workspace/cake/sharepoint/lib/Cake/Routing/Dispatcher.php(165): Dispatcher->_invoke(Object(GroupsController), Object(CakeRequest))
#11 /home/gemango/workspace/cake/sharepoint/app/webroot/index.php(108): Dispatcher->dispatch(Object(CakeRequest), Object(CakeResponse))
#12 {main}
2014-08-04 19:48:48 Error: [PDOException] SQLSTATE[42S22]: Column not found: 1054 Unknown column 'User.user_id' in 'on clause'
Request URL: /groups/users/1
Stack Trace:
#0 /home/gemango/workspace/cake/sharepoint/lib/Cake/Model/Datasource/DboSource.php(458): PDOStatement->execute(Array)
#1 /home/gemango/workspace/cake/sharepoint/lib/Cake/Model/Datasource/DboSource.php(424): DboSource->_execute('SELECT `UserGro...', Array)
#2 /home/gemango/workspace/cake/sharepoint/lib/Cake/Model/Datasource/DboSource.php(666): DboSource->execute('SELECT `UserGro...', Array, Array)
#3 /home/gemango/workspace/cake/sharepoint/lib/Cake/Model/Datasource/DboSource.php(1106): DboSource->fetchAll('SELECT `UserGro...', false)
#4 /home/gemango/workspace/cake/sharepoint/lib/Cake/Model/Model.php(2921): DboSource->read(Object(UserGroupRole), Array)
#5 /home/gemango/workspace/cake/sharepoint/lib/Cake/Model/Model.php(2893): Model->_readDataSource('all', Array)
#6 /home/gemango/workspace/cake/sharepoint/app/Controller/GroupsController.php(54): Model->find('all', Array)
#7 [internal function]: GroupsController->users('1')
#8 /home/gemango/workspace/cake/sharepoint/lib/Cake/Controller/Controller.php(490): ReflectionMethod->invokeArgs(Object(GroupsController), Array)
#9 /home/gemango/workspace/cake/sharepoint/lib/Cake/Routing/Dispatcher.php(191): Controller->invokeAction(Object(CakeRequest))
#10 /home/gemango/workspace/cake/sharepoint/lib/Cake/Routing/Dispatcher.php(165): Dispatcher->_invoke(Object(GroupsController), Object(CakeRequest))
#11 /home/gemango/workspace/cake/sharepoint/app/webroot/index.php(108): Dispatcher->dispatch(Object(CakeRequest), Object(CakeResponse))
#12 {main}
2014-08-04 19:49:48 Error: [PDOException] SQLSTATE[42S22]: Column not found: 1054 Unknown column 'User.user_group_role_id' in 'on clause'
Request URL: /groups/users/1
Stack Trace:
#0 /home/gemango/workspace/cake/sharepoint/lib/Cake/Model/Datasource/DboSource.php(458): PDOStatement->execute(Array)
#1 /home/gemango/workspace/cake/sharepoint/lib/Cake/Model/Datasource/DboSource.php(424): DboSource->_execute('SELECT `UserGro...', Array)
#2 /home/gemango/workspace/cake/sharepoint/lib/Cake/Model/Datasource/DboSource.php(666): DboSource->execute('SELECT `UserGro...', Array, Array)
#3 /home/gemango/workspace/cake/sharepoint/lib/Cake/Model/Datasource/DboSource.php(1106): DboSource->fetchAll('SELECT `UserGro...', false)
#4 /home/gemango/workspace/cake/sharepoint/lib/Cake/Model/Model.php(2921): DboSource->read(Object(UserGroupRole), Array)
#5 /home/gemango/workspace/cake/sharepoint/lib/Cake/Model/Model.php(2893): Model->_readDataSource('all', Array)
#6 /home/gemango/workspace/cake/sharepoint/app/Controller/GroupsController.php(54): Model->find('all', Array)
#7 [internal function]: GroupsController->users('1')
#8 /home/gemango/workspace/cake/sharepoint/lib/Cake/Controller/Controller.php(490): ReflectionMethod->invokeArgs(Object(GroupsController), Array)
#9 /home/gemango/workspace/cake/sharepoint/lib/Cake/Routing/Dispatcher.php(191): Controller->invokeAction(Object(CakeRequest))
#10 /home/gemango/workspace/cake/sharepoint/lib/Cake/Routing/Dispatcher.php(165): Dispatcher->_invoke(Object(GroupsController), Object(CakeRequest))
#11 /home/gemango/workspace/cake/sharepoint/app/webroot/index.php(108): Dispatcher->dispatch(Object(CakeRequest), Object(CakeResponse))
#12 {main}
2014-08-04 19:53:12 Error: [MissingActionException] Action GroupsController::3() could not be found.
Exception Attributes: array (
  'controller' => 'GroupsController',
  'action' => '3',
)
Request URL: /groups/3
Stack Trace:
#0 /home/gemango/workspace/cake/sharepoint/lib/Cake/Routing/Dispatcher.php(191): Controller->invokeAction(Object(CakeRequest))
#1 /home/gemango/workspace/cake/sharepoint/lib/Cake/Routing/Dispatcher.php(165): Dispatcher->_invoke(Object(GroupsController), Object(CakeRequest))
#2 /home/gemango/workspace/cake/sharepoint/app/webroot/index.php(108): Dispatcher->dispatch(Object(CakeRequest), Object(CakeResponse))
#3 {main}
2014-08-04 20:25:01 Error: [MissingActionException] Action UsersController::groups() could not be found.
Exception Attributes: array (
  'controller' => 'UsersController',
  'action' => 'groups',
)
Request URL: /users/groups
Stack Trace:
#0 /home/gemango/workspace/cake/sharepoint/lib/Cake/Routing/Dispatcher.php(191): Controller->invokeAction(Object(CakeRequest))
#1 /home/gemango/workspace/cake/sharepoint/lib/Cake/Routing/Dispatcher.php(165): Dispatcher->_invoke(Object(UsersController), Object(CakeRequest))
#2 /home/gemango/workspace/cake/sharepoint/app/webroot/index.php(108): Dispatcher->dispatch(Object(CakeRequest), Object(CakeResponse))
#3 {main}
2014-08-04 20:28:52 Error: [MissingViewException] View file "/home/gemango/workspace/cake/sharepoint/app/View/Projects/index.ctp" is missing.
Exception Attributes: array (
  'file' => '/home/gemango/workspace/cake/sharepoint/app/View/Projects/index.ctp',
)
Request URL: /projects
Stack Trace:
#0 /home/gemango/workspace/cake/sharepoint/lib/Cake/View/View.php(468): View->_getViewFileName(NULL)
#1 /home/gemango/workspace/cake/sharepoint/lib/Cake/Controller/Controller.php(954): View->render(NULL, NULL)
#2 /home/gemango/workspace/cake/sharepoint/lib/Cake/Routing/Dispatcher.php(198): Controller->render()
#3 /home/gemango/workspace/cake/sharepoint/lib/Cake/Routing/Dispatcher.php(165): Dispatcher->_invoke(Object(ProjectsController), Object(CakeRequest))
#4 /home/gemango/workspace/cake/sharepoint/app/webroot/index.php(108): Dispatcher->dispatch(Object(CakeRequest), Object(CakeResponse))
#5 {main}
2014-08-04 20:30:18 Error: [MissingActionException] Action ProjectsController::edit() could not be found.
Exception Attributes: array (
  'controller' => 'ProjectsController',
  'action' => 'edit',
)
Request URL: /projects/edit/1
Stack Trace:
#0 /home/gemango/workspace/cake/sharepoint/lib/Cake/Routing/Dispatcher.php(191): Controller->invokeAction(Object(CakeRequest))
#1 /home/gemango/workspace/cake/sharepoint/lib/Cake/Routing/Dispatcher.php(165): Dispatcher->_invoke(Object(ProjectsController), Object(CakeRequest))
#2 /home/gemango/workspace/cake/sharepoint/app/webroot/index.php(108): Dispatcher->dispatch(Object(CakeRequest), Object(CakeResponse))
#3 {main}
2014-08-04 20:34:55 Error: Fatal Error (1): include(): Cannot redeclare class usergrouprole in [/home/gemango/workspace/cake/sharepoint/lib/Cake/Core/App.php, line 547]
2014-08-04 20:34:55 Error: [FatalErrorException] include(): Cannot redeclare class usergrouprole
Request URL: /projects/users/1
Stack Trace:
#0 /home/gemango/workspace/cake/sharepoint/lib/Cake/Error/ErrorHandler.php(203): ErrorHandler::handleFatalError(1, 'include(): Cann...', '/home/gemango/w...', 547)
#1 [internal function]: ErrorHandler::handleError(1, 'include(): Cann...', '/home/gemango/w...', 547, Array)
#2 /home/gemango/workspace/cake/sharepoint/lib/Cake/Core/App.php(931): call_user_func('ErrorHandler::h...', 1, 'include(): Cann...', '/home/gemango/w...', 547, Array)
#3 /home/gemango/workspace/cake/sharepoint/lib/Cake/Core/App.php(904): App::_checkFatalError()
#4 [internal function]: App::shutdown()
#5 {main}
2014-08-04 20:35:08 Error: Fatal Error (1): include(): Cannot redeclare class usergrouprole in [/home/gemango/workspace/cake/sharepoint/lib/Cake/Core/App.php, line 547]
2014-08-04 20:35:08 Error: [FatalErrorException] include(): Cannot redeclare class usergrouprole
Request URL: /projects/add_user/1
Stack Trace:
#0 /home/gemango/workspace/cake/sharepoint/lib/Cake/Error/ErrorHandler.php(203): ErrorHandler::handleFatalError(1, 'include(): Cann...', '/home/gemango/w...', 547)
#1 [internal function]: ErrorHandler::handleError(1, 'include(): Cann...', '/home/gemango/w...', 547, Array)
#2 /home/gemango/workspace/cake/sharepoint/lib/Cake/Core/App.php(931): call_user_func('ErrorHandler::h...', 1, 'include(): Cann...', '/home/gemango/w...', 547, Array)
#3 /home/gemango/workspace/cake/sharepoint/lib/Cake/Core/App.php(904): App::_checkFatalError()
#4 [internal function]: App::shutdown()
#5 {main}
2014-08-04 20:38:52 Error: [MissingTableException] Table user_group_roles for model UserGroupRole was not found in datasource default.
Exception Attributes: array (
  'table' => 'user_group_roles',
  'class' => 'UserGroupRole',
  'ds' => 'default',
)
Request URL: /users/
Stack Trace:
#0 /home/gemango/workspace/cake/sharepoint/lib/Cake/Model/Model.php(3525): Model->setSource('user_group_role...')
#1 /home/gemango/workspace/cake/sharepoint/lib/Cake/Model/Model.php(1365): Model->getDataSource()
#2 /home/gemango/workspace/cake/sharepoint/lib/Cake/Model/Datasource/DboSource.php(2494): Model->schema()
#3 /home/gemango/workspace/cake/sharepoint/lib/Cake/Model/Datasource/DboSource.php(1735): DboSource->fields(Object(AppModel), 'UserGroupRole', '')
#4 /home/gemango/workspace/cake/sharepoint/lib/Cake/Model/Datasource/DboSource.php(1238): DboSource->generateAssociationQuery(Object(User), Object(AppModel), 'hasMany', 'UserGroupRole', Array, Array, true)
#5 /home/gemango/workspace/cake/sharepoint/lib/Cake/Model/Datasource/DboSource.php(1142): DboSource->queryAssociation(Object(User), Object(AppModel), 'hasMany', 'UserGroupRole', Array, Array, true, Array, 0, Array)
#6 /home/gemango/workspace/cake/sharepoint/lib/Cake/Model/Model.php(2921): DboSource->read(Object(User), Array)
#7 /home/gemango/workspace/cake/sharepoint/lib/Cake/Model/Model.php(2893): Model->_readDataSource('all', Array)
#8 /home/gemango/workspace/cake/sharepoint/app/Controller/UsersController.php(51): Model->find('all')
#9 [internal function]: UsersController->index()
#10 /home/gemango/workspace/cake/sharepoint/lib/Cake/Controller/Controller.php(490): ReflectionMethod->invokeArgs(Object(UsersController), Array)
#11 /home/gemango/workspace/cake/sharepoint/lib/Cake/Routing/Dispatcher.php(191): Controller->invokeAction(Object(CakeRequest))
#12 /home/gemango/workspace/cake/sharepoint/lib/Cake/Routing/Dispatcher.php(165): Dispatcher->_invoke(Object(UsersController), Object(CakeRequest))
#13 /home/gemango/workspace/cake/sharepoint/app/webroot/index.php(108): Dispatcher->dispatch(Object(CakeRequest), Object(CakeResponse))
#14 {main}
2014-08-04 20:38:56 Error: [MissingTableException] Table user_group_roles for model UserGroupRole was not found in datasource default.
Exception Attributes: array (
  'table' => 'user_group_roles',
  'class' => 'UserGroupRole',
  'ds' => 'default',
)
Request URL: /users/
Stack Trace:
#0 /home/gemango/workspace/cake/sharepoint/lib/Cake/Model/Model.php(3525): Model->setSource('user_group_role...')
#1 /home/gemango/workspace/cake/sharepoint/lib/Cake/Model/Model.php(1365): Model->getDataSource()
#2 /home/gemango/workspace/cake/sharepoint/lib/Cake/Model/Datasource/DboSource.php(2494): Model->schema()
#3 /home/gemango/workspace/cake/sharepoint/lib/Cake/Model/Datasource/DboSource.php(1735): DboSource->fields(Object(AppModel), 'UserGroupRole', '')
#4 /home/gemango/workspace/cake/sharepoint/lib/Cake/Model/Datasource/DboSource.php(1238): DboSource->generateAssociationQuery(Object(User), Object(AppModel), 'hasMany', 'UserGroupRole', Array, Array, true)
#5 /home/gemango/workspace/cake/sharepoint/lib/Cake/Model/Datasource/DboSource.php(1142): DboSource->queryAssociation(Object(User), Object(AppModel), 'hasMany', 'UserGroupRole', Array, Array, true, Array, 0, Array)
#6 /home/gemango/workspace/cake/sharepoint/lib/Cake/Model/Model.php(2921): DboSource->read(Object(User), Array)
#7 /home/gemango/workspace/cake/sharepoint/lib/Cake/Model/Model.php(2893): Model->_readDataSource('all', Array)
#8 /home/gemango/workspace/cake/sharepoint/app/Controller/UsersController.php(51): Model->find('all')
#9 [internal function]: UsersController->index()
#10 /home/gemango/workspace/cake/sharepoint/lib/Cake/Controller/Controller.php(490): ReflectionMethod->invokeArgs(Object(UsersController), Array)
#11 /home/gemango/workspace/cake/sharepoint/lib/Cake/Routing/Dispatcher.php(191): Controller->invokeAction(Object(CakeRequest))
#12 /home/gemango/workspace/cake/sharepoint/lib/Cake/Routing/Dispatcher.php(165): Dispatcher->_invoke(Object(UsersController), Object(CakeRequest))
#13 /home/gemango/workspace/cake/sharepoint/app/webroot/index.php(108): Dispatcher->dispatch(Object(CakeRequest), Object(CakeResponse))
#14 {main}
2014-08-04 21:10:56 Error: [MissingControllerException] Controller class GroupsController could not be found.
Exception Attributes: array (
  'class' => 'GroupsController',
  'plugin' => NULL,
)
Request URL: /groups
Stack Trace:
#0 /home/gemango/workspace/cake/sharepoint/app/webroot/index.php(108): Dispatcher->dispatch(Object(CakeRequest), Object(CakeResponse))
#1 {main}
2014-08-04 21:10:58 Error: [MissingControllerException] Controller class GroupsController could not be found.
Exception Attributes: array (
  'class' => 'GroupsController',
  'plugin' => NULL,
)
Request URL: /groups/
Stack Trace:
#0 /home/gemango/workspace/cake/sharepoint/app/webroot/index.php(108): Dispatcher->dispatch(Object(CakeRequest), Object(CakeResponse))
#1 {main}
2014-08-04 21:11:19 Error: [MissingActionException] Action UsersController::1() could not be found.
Exception Attributes: array (
  'controller' => 'UsersController',
  'action' => '1',
)
Request URL: /users/1
Stack Trace:
#0 /home/gemango/workspace/cake/sharepoint/lib/Cake/Routing/Dispatcher.php(191): Controller->invokeAction(Object(CakeRequest))
#1 /home/gemango/workspace/cake/sharepoint/lib/Cake/Routing/Dispatcher.php(165): Dispatcher->_invoke(Object(UsersController), Object(CakeRequest))
#2 /home/gemango/workspace/cake/sharepoint/app/webroot/index.php(108): Dispatcher->dispatch(Object(CakeRequest), Object(CakeResponse))
#3 {main}
2014-08-04 21:43:06 Error: [MissingComponentException] Component class AclExtensionComponent could not be found.
Exception Attributes: array (
  'class' => 'AclExtensionComponent',
  'plugin' => false,
)
Request URL: /projects
Stack Trace:
#0 /home/gemango/workspace/cake/sharepoint/lib/Cake/Controller/ComponentCollection.php(53): ComponentCollection->load('AclExtension', Array)
#1 /home/gemango/workspace/cake/sharepoint/lib/Cake/Controller/Controller.php(643): ComponentCollection->init(Object(ProjectsController))
#2 /home/gemango/workspace/cake/sharepoint/lib/Cake/Routing/Dispatcher.php(186): Controller->constructClasses()
#3 /home/gemango/workspace/cake/sharepoint/lib/Cake/Routing/Dispatcher.php(165): Dispatcher->_invoke(Object(ProjectsController), Object(CakeRequest))
#4 /home/gemango/workspace/cake/sharepoint/app/webroot/index.php(108): Dispatcher->dispatch(Object(CakeRequest), Object(CakeResponse))
#5 {main}
2014-08-04 21:43:06 Error: Fatal Error (1): include(): Cannot redeclare class aclextension in [/home/gemango/workspace/cake/sharepoint/lib/Cake/Core/App.php, line 547]
2014-08-04 21:43:06 Error: [FatalErrorException] include(): Cannot redeclare class aclextension
Request URL: /projects
Stack Trace:
#0 /home/gemango/workspace/cake/sharepoint/lib/Cake/Error/ErrorHandler.php(203): ErrorHandler::handleFatalError(1, 'include(): Cann...', '/home/gemango/w...', 547)
#1 [internal function]: ErrorHandler::handleError(1, 'include(): Cann...', '/home/gemango/w...', 547, Array)
#2 /home/gemango/workspace/cake/sharepoint/lib/Cake/Core/App.php(931): call_user_func('ErrorHandler::h...', 1, 'include(): Cann...', '/home/gemango/w...', 547, Array)
#3 /home/gemango/workspace/cake/sharepoint/lib/Cake/Core/App.php(904): App::_checkFatalError()
#4 [internal function]: App::shutdown()
#5 {main}
2014-08-04 21:43:28 Error: [MissingControllerException] Controller class LogoutController could not be found.
Exception Attributes: array (
  'class' => 'LogoutController',
  'plugin' => NULL,
)
Request URL: /logout
Stack Trace:
#0 /home/gemango/workspace/cake/sharepoint/app/webroot/index.php(108): Dispatcher->dispatch(Object(CakeRequest), Object(CakeResponse))
#1 {main}
2014-08-04 21:44:42 Error: [MissingViewException] View file "/home/gemango/workspace/cake/sharepoint/app/View/Users/init.ctp" is missing.
Exception Attributes: array (
  'file' => '/home/gemango/workspace/cake/sharepoint/app/View/Users/init.ctp',
)
Request URL: /users/init
Stack Trace:
#0 /home/gemango/workspace/cake/sharepoint/lib/Cake/View/View.php(468): View->_getViewFileName(NULL)
#1 /home/gemango/workspace/cake/sharepoint/lib/Cake/Controller/Controller.php(954): View->render(NULL, NULL)
#2 /home/gemango/workspace/cake/sharepoint/lib/Cake/Routing/Dispatcher.php(198): Controller->render()
#3 /home/gemango/workspace/cake/sharepoint/lib/Cake/Routing/Dispatcher.php(165): Dispatcher->_invoke(Object(UsersController), Object(CakeRequest))
#4 /home/gemango/workspace/cake/sharepoint/app/webroot/index.php(108): Dispatcher->dispatch(Object(CakeRequest), Object(CakeResponse))
#5 {main}
2014-08-04 21:47:25 Error: [CakeException] AclNode::node() - Couldn't find Aro node identified by "Array
(
    [Aro0.model] => User
    [Aro0.foreign_key] => 
)
"
Request URL: /users/init
Stack Trace:
#0 /home/gemango/workspace/cake/sharepoint/lib/Cake/Model/Permission.php(220): AclNode->node(Object(User))
#1 /home/gemango/workspace/cake/sharepoint/lib/Cake/Model/Permission.php(172): Permission->getAclLink(Object(User), 'controllers')
#2 /home/gemango/workspace/cake/sharepoint/lib/Cake/Controller/Component/Acl/DbAcl.php(88): Permission->allow(Object(User), 'controllers', '*', 1)
#3 /home/gemango/workspace/cake/sharepoint/lib/Cake/Controller/Component/AclComponent.php(123): DbAcl->allow(Object(User), 'controllers', '*')
#4 /home/gemango/workspace/cake/sharepoint/app/Controller/UsersController.php(59): AclComponent->allow(Object(User), 'controllers')
#5 [internal function]: UsersController->init()
#6 /home/gemango/workspace/cake/sharepoint/lib/Cake/Controller/Controller.php(490): ReflectionMethod->invokeArgs(Object(UsersController), Array)
#7 /home/gemango/workspace/cake/sharepoint/lib/Cake/Routing/Dispatcher.php(191): Controller->invokeAction(Object(CakeRequest))
#8 /home/gemango/workspace/cake/sharepoint/lib/Cake/Routing/Dispatcher.php(165): Dispatcher->_invoke(Object(UsersController), Object(CakeRequest))
#9 /home/gemango/workspace/cake/sharepoint/app/webroot/index.php(108): Dispatcher->dispatch(Object(CakeRequest), Object(CakeResponse))
#10 {main}
2014-08-04 21:49:19 Error: [MissingViewException] View file "/home/gemango/workspace/cake/sharepoint/app/View/Users/init.ctp" is missing.
Exception Attributes: array (
  'file' => '/home/gemango/workspace/cake/sharepoint/app/View/Users/init.ctp',
)
Request URL: /users/init
Stack Trace:
#0 /home/gemango/workspace/cake/sharepoint/lib/Cake/View/View.php(468): View->_getViewFileName(NULL)
#1 /home/gemango/workspace/cake/sharepoint/lib/Cake/Controller/Controller.php(954): View->render(NULL, NULL)
#2 /home/gemango/workspace/cake/sharepoint/lib/Cake/Routing/Dispatcher.php(198): Controller->render()
#3 /home/gemango/workspace/cake/sharepoint/lib/Cake/Routing/Dispatcher.php(165): Dispatcher->_invoke(Object(UsersController), Object(CakeRequest))
#4 /home/gemango/workspace/cake/sharepoint/app/webroot/index.php(108): Dispatcher->dispatch(Object(CakeRequest), Object(CakeResponse))
#5 {main}
2014-08-04 21:53:55 Error: [MissingViewException] View file "/home/gemango/workspace/cake/sharepoint/app/View/Users/init.ctp" is missing.
Exception Attributes: array (
  'file' => '/home/gemango/workspace/cake/sharepoint/app/View/Users/init.ctp',
)
Request URL: /users/init
Stack Trace:
#0 /home/gemango/workspace/cake/sharepoint/lib/Cake/View/View.php(468): View->_getViewFileName(NULL)
#1 /home/gemango/workspace/cake/sharepoint/lib/Cake/Controller/Controller.php(954): View->render(NULL, NULL)
#2 /home/gemango/workspace/cake/sharepoint/lib/Cake/Routing/Dispatcher.php(198): Controller->render()
#3 /home/gemango/workspace/cake/sharepoint/lib/Cake/Routing/Dispatcher.php(165): Dispatcher->_invoke(Object(UsersController), Object(CakeRequest))
#4 /home/gemango/workspace/cake/sharepoint/app/webroot/index.php(108): Dispatcher->dispatch(Object(CakeRequest), Object(CakeResponse))
#5 {main}
2014-08-04 21:57:27 Error: [MissingViewException] View file "/home/gemango/workspace/cake/sharepoint/app/View/Users/init.ctp" is missing.
Exception Attributes: array (
  'file' => '/home/gemango/workspace/cake/sharepoint/app/View/Users/init.ctp',
)
Request URL: /users/init
Stack Trace:
#0 /home/gemango/workspace/cake/sharepoint/lib/Cake/View/View.php(468): View->_getViewFileName(NULL)
#1 /home/gemango/workspace/cake/sharepoint/lib/Cake/Controller/Controller.php(954): View->render(NULL, NULL)
#2 /home/gemango/workspace/cake/sharepoint/lib/Cake/Routing/Dispatcher.php(198): Controller->render()
#3 /home/gemango/workspace/cake/sharepoint/lib/Cake/Routing/Dispatcher.php(165): Dispatcher->_invoke(Object(UsersController), Object(CakeRequest))
#4 /home/gemango/workspace/cake/sharepoint/app/webroot/index.php(108): Dispatcher->dispatch(Object(CakeRequest), Object(CakeResponse))
#5 {main}
2014-08-04 21:58:24 Error: [MissingActionException] Action UsersController::1() could not be found.
Exception Attributes: array (
  'controller' => 'UsersController',
  'action' => '1',
)
Request URL: /users/1
Stack Trace:
#0 /home/gemango/workspace/cake/sharepoint/lib/Cake/Routing/Dispatcher.php(191): Controller->invokeAction(Object(CakeRequest))
#1 /home/gemango/workspace/cake/sharepoint/lib/Cake/Routing/Dispatcher.php(165): Dispatcher->_invoke(Object(UsersController), Object(CakeRequest))
#2 /home/gemango/workspace/cake/sharepoint/app/webroot/index.php(108): Dispatcher->dispatch(Object(CakeRequest), Object(CakeResponse))
#3 {main}
2014-08-04 21:59:17 Error: [MissingActionException] Action UsersController::users() could not be found.
Exception Attributes: array (
  'controller' => 'UsersController',
  'action' => 'users',
)
Request URL: /users/users
Stack Trace:
#0 /home/gemango/workspace/cake/sharepoint/lib/Cake/Routing/Dispatcher.php(191): Controller->invokeAction(Object(CakeRequest))
#1 /home/gemango/workspace/cake/sharepoint/lib/Cake/Routing/Dispatcher.php(165): Dispatcher->_invoke(Object(UsersController), Object(CakeRequest))
#2 /home/gemango/workspace/cake/sharepoint/app/webroot/index.php(108): Dispatcher->dispatch(Object(CakeRequest), Object(CakeResponse))
#3 {main}
2014-08-04 22:03:00 Error: [MissingViewException] View file "/home/gemango/workspace/cake/sharepoint/app/View/Users/init.ctp" is missing.
Exception Attributes: array (
  'file' => '/home/gemango/workspace/cake/sharepoint/app/View/Users/init.ctp',
)
Request URL: /users/init
Stack Trace:
#0 /home/gemango/workspace/cake/sharepoint/lib/Cake/View/View.php(468): View->_getViewFileName(NULL)
#1 /home/gemango/workspace/cake/sharepoint/lib/Cake/Controller/Controller.php(954): View->render(NULL, NULL)
#2 /home/gemango/workspace/cake/sharepoint/lib/Cake/Routing/Dispatcher.php(198): Controller->render()
#3 /home/gemango/workspace/cake/sharepoint/lib/Cake/Routing/Dispatcher.php(165): Dispatcher->_invoke(Object(UsersController), Object(CakeRequest))
#4 /home/gemango/workspace/cake/sharepoint/app/webroot/index.php(108): Dispatcher->dispatch(Object(CakeRequest), Object(CakeResponse))
#5 {main}
2014-08-04 22:18:44 Error: [MissingViewException] View file "/home/gemango/workspace/cake/sharepoint/app/View/Users/init.ctp" is missing.
Exception Attributes: array (
  'file' => '/home/gemango/workspace/cake/sharepoint/app/View/Users/init.ctp',
)
Request URL: /users/init
Stack Trace:
#0 /home/gemango/workspace/cake/sharepoint/lib/Cake/View/View.php(468): View->_getViewFileName(NULL)
#1 /home/gemango/workspace/cake/sharepoint/lib/Cake/Controller/Controller.php(954): View->render(NULL, NULL)
#2 /home/gemango/workspace/cake/sharepoint/lib/Cake/Routing/Dispatcher.php(198): Controller->render()
#3 /home/gemango/workspace/cake/sharepoint/lib/Cake/Routing/Dispatcher.php(165): Dispatcher->_invoke(Object(UsersController), Object(CakeRequest))
#4 /home/gemango/workspace/cake/sharepoint/app/webroot/index.php(108): Dispatcher->dispatch(Object(CakeRequest), Object(CakeResponse))
#5 {main}
2014-08-04 22:38:01 Error: [PDOException] SQLSTATE[23000]: Integrity constraint violation: 1062 Duplicate entry 'user1' for key 'username'
Request URL: /users/add
Stack Trace:
#0 /home/gemango/workspace/cake/sharepoint/lib/Cake/Model/Datasource/DboSource.php(458): PDOStatement->execute(Array)
#1 /home/gemango/workspace/cake/sharepoint/lib/Cake/Model/Datasource/DboSource.php(424): DboSource->_execute('INSERT INTO `sh...', Array)
#2 /home/gemango/workspace/cake/sharepoint/lib/Cake/Model/Datasource/DboSource.php(1012): DboSource->execute('INSERT INTO `sh...')
#3 /home/gemango/workspace/cake/sharepoint/lib/Cake/Model/Model.php(1850): DboSource->create(Object(User), Array, Array)
#4 /home/gemango/workspace/cake/sharepoint/app/Controller/UsersController.php(15): Model->save(Array)
#5 [internal function]: UsersController->add()
#6 /home/gemango/workspace/cake/sharepoint/lib/Cake/Controller/Controller.php(490): ReflectionMethod->invokeArgs(Object(UsersController), Array)
#7 /home/gemango/workspace/cake/sharepoint/lib/Cake/Routing/Dispatcher.php(191): Controller->invokeAction(Object(CakeRequest))
#8 /home/gemango/workspace/cake/sharepoint/lib/Cake/Routing/Dispatcher.php(165): Dispatcher->_invoke(Object(UsersController), Object(CakeRequest))
#9 /home/gemango/workspace/cake/sharepoint/app/webroot/index.php(108): Dispatcher->dispatch(Object(CakeRequest), Object(CakeResponse))
#10 {main}
2014-08-04 22:44:35 Error: [MissingViewException] View file "/home/gemango/workspace/cake/sharepoint/app/View/Projects/view.ctp" is missing.
Exception Attributes: array (
  'file' => '/home/gemango/workspace/cake/sharepoint/app/View/Projects/view.ctp',
)
Request URL: /projects/view
Stack Trace:
#0 /home/gemango/workspace/cake/sharepoint/lib/Cake/View/View.php(468): View->_getViewFileName(NULL)
#1 /home/gemango/workspace/cake/sharepoint/lib/Cake/Controller/Controller.php(954): View->render(NULL, NULL)
#2 /home/gemango/workspace/cake/sharepoint/lib/Cake/Routing/Dispatcher.php(198): Controller->render()
#3 /home/gemango/workspace/cake/sharepoint/lib/Cake/Routing/Dispatcher.php(165): Dispatcher->_invoke(Object(ProjectsController), Object(CakeRequest))
#4 /home/gemango/workspace/cake/sharepoint/app/webroot/index.php(108): Dispatcher->dispatch(Object(CakeRequest), Object(CakeResponse))
#5 {main}
2014-08-04 22:45:01 Error: [MissingViewException] View file "/home/gemango/workspace/cake/sharepoint/app/View/Projects/view.ctp" is missing.
Exception Attributes: array (
  'file' => '/home/gemango/workspace/cake/sharepoint/app/View/Projects/view.ctp',
)
Request URL: /projects/view
Stack Trace:
#0 /home/gemango/workspace/cake/sharepoint/lib/Cake/View/View.php(468): View->_getViewFileName(NULL)
#1 /home/gemango/workspace/cake/sharepoint/lib/Cake/Controller/Controller.php(954): View->render(NULL, NULL)
#2 /home/gemango/workspace/cake/sharepoint/lib/Cake/Routing/Dispatcher.php(198): Controller->render()
#3 /home/gemango/workspace/cake/sharepoint/lib/Cake/Routing/Dispatcher.php(165): Dispatcher->_invoke(Object(ProjectsController), Object(CakeRequest))
#4 /home/gemango/workspace/cake/sharepoint/app/webroot/index.php(108): Dispatcher->dispatch(Object(CakeRequest), Object(CakeResponse))
#5 {main}
2014-08-04 22:45:04 Error: [MissingActionException] Action ProjectsController::add_use() could not be found.
Exception Attributes: array (
  'controller' => 'ProjectsController',
  'action' => 'add_use',
)
Request URL: /projects/add_use
Stack Trace:
#0 /home/gemango/workspace/cake/sharepoint/lib/Cake/Routing/Dispatcher.php(191): Controller->invokeAction(Object(CakeRequest))
#1 /home/gemango/workspace/cake/sharepoint/lib/Cake/Routing/Dispatcher.php(165): Dispatcher->_invoke(Object(ProjectsController), Object(CakeRequest))
#2 /home/gemango/workspace/cake/sharepoint/app/webroot/index.php(108): Dispatcher->dispatch(Object(CakeRequest), Object(CakeResponse))
#3 {main}
2014-08-05 14:34:09 Error: Fatal Error (4): syntax error, unexpected '}' in [/home/gemango/workspace/cake/sharepoint/app/Controller/Component/AclExtensionComponent.php, line 25]
2014-08-05 14:34:09 Error: Fatal Error (4): syntax error, unexpected '}' in [/home/gemango/workspace/cake/sharepoint/app/Controller/Component/AclExtensionComponent.php, line 25]
2014-08-05 14:34:09 Error: [FatalErrorException] syntax error, unexpected '}'
Request URL: /
Stack Trace:
#0 /home/gemango/workspace/cake/sharepoint/lib/Cake/Error/ErrorHandler.php(203): ErrorHandler::handleFatalError(4, 'syntax error, u...', '/home/gemango/w...', 25)
#1 [internal function]: ErrorHandler::handleError(4, 'syntax error, u...', '/home/gemango/w...', 25, Array)
#2 /home/gemango/workspace/cake/sharepoint/lib/Cake/Core/App.php(931): call_user_func('ErrorHandler::h...', 4, 'syntax error, u...', '/home/gemango/w...', 25, Array)
#3 /home/gemango/workspace/cake/sharepoint/lib/Cake/Core/App.php(904): App::_checkFatalError()
#4 [internal function]: App::shutdown()
#5 {main}
2014-08-05 14:34:09 Error: [FatalErrorException] syntax error, unexpected '}'
Request URL: /
Stack Trace:
#0 /home/gemango/workspace/cake/sharepoint/lib/Cake/Error/ErrorHandler.php(203): ErrorHandler::handleFatalError(4, 'syntax error, u...', '/home/gemango/w...', 25)
#1 [internal function]: ErrorHandler::handleError(4, 'syntax error, u...', '/home/gemango/w...', 25, Array)
#2 /home/gemango/workspace/cake/sharepoint/lib/Cake/Core/App.php(931): call_user_func('ErrorHandler::h...', 4, 'syntax error, u...', '/home/gemango/w...', 25, Array)
#3 /home/gemango/workspace/cake/sharepoint/lib/Cake/Core/App.php(904): App::_checkFatalError()
#4 [internal function]: App::shutdown()
#5 {main}
2014-08-05 14:55:43 Error: Fatal Error (1): Class 'Folder' not found in [/home/gemango/workspace/cake/sharepoint/app/Controller/Component/FileComponent.php, line 8]
2014-08-05 14:55:43 Error: [FatalErrorException] Class 'Folder' not found
Request URL: /projects/add
Stack Trace:
#0 /home/gemango/workspace/cake/sharepoint/lib/Cake/Error/ErrorHandler.php(203): ErrorHandler::handleFatalError(1, 'Class 'Folder' ...', '/home/gemango/w...', 8)
#1 [internal function]: ErrorHandler::handleError(1, 'Class 'Folder' ...', '/home/gemango/w...', 8, Array)
#2 /home/gemango/workspace/cake/sharepoint/lib/Cake/Core/App.php(931): call_user_func('ErrorHandler::h...', 1, 'Class 'Folder' ...', '/home/gemango/w...', 8, Array)
#3 /home/gemango/workspace/cake/sharepoint/lib/Cake/Core/App.php(904): App::_checkFatalError()
#4 [internal function]: App::shutdown()
#5 {main}
2014-08-05 15:41:45 Error: Fatal Error (1): Call to a member function create() on a non-object in [/home/gemango/workspace/cake/sharepoint/app/Controller/Component/AclExtensionComponent.php, line 24]
2014-08-05 15:41:45 Error: [FatalErrorException] Call to a member function create() on a non-object
Request URL: /projects/add
Stack Trace:
#0 /home/gemango/workspace/cake/sharepoint/lib/Cake/Error/ErrorHandler.php(203): ErrorHandler::handleFatalError(1, 'Call to a membe...', '/home/gemango/w...', 24)
#1 [internal function]: ErrorHandler::handleError(1, 'Call to a membe...', '/home/gemango/w...', 24, Array)
#2 /home/gemango/workspace/cake/sharepoint/lib/Cake/Core/App.php(931): call_user_func('ErrorHandler::h...', 1, 'Call to a membe...', '/home/gemango/w...', 24, Array)
#3 /home/gemango/workspace/cake/sharepoint/lib/Cake/Core/App.php(904): App::_checkFatalError()
#4 [internal function]: App::shutdown()
#5 {main}
2014-08-05 17:15:11 Error: [MissingViewException] View file "/home/gemango/workspace/cake/sharepoint/app/View/Projects/view.ctp" is missing.
Exception Attributes: array (
  'file' => '/home/gemango/workspace/cake/sharepoint/app/View/Projects/view.ctp',
)
Request URL: /projects/view/1
Stack Trace:
#0 /home/gemango/workspace/cake/sharepoint/lib/Cake/View/View.php(468): View->_getViewFileName(NULL)
#1 /home/gemango/workspace/cake/sharepoint/lib/Cake/Controller/Controller.php(954): View->render(NULL, NULL)
#2 /home/gemango/workspace/cake/sharepoint/lib/Cake/Routing/Dispatcher.php(198): Controller->render()
#3 /home/gemango/workspace/cake/sharepoint/lib/Cake/Routing/Dispatcher.php(165): Dispatcher->_invoke(Object(ProjectsController), Object(CakeRequest))
#4 /home/gemango/workspace/cake/sharepoint/app/webroot/index.php(108): Dispatcher->dispatch(Object(CakeRequest), Object(CakeResponse))
#5 {main}
2014-08-05 17:15:45 Error: [MissingViewException] View file "/home/gemango/workspace/cake/sharepoint/app/View/Projects/files.ctp" is missing.
Exception Attributes: array (
  'file' => '/home/gemango/workspace/cake/sharepoint/app/View/Projects/files.ctp',
)
Request URL: /projects/files/1
Stack Trace:
#0 /home/gemango/workspace/cake/sharepoint/lib/Cake/View/View.php(468): View->_getViewFileName(NULL)
#1 /home/gemango/workspace/cake/sharepoint/lib/Cake/Controller/Controller.php(954): View->render(NULL, NULL)
#2 /home/gemango/workspace/cake/sharepoint/lib/Cake/Routing/Dispatcher.php(198): Controller->render()
#3 /home/gemango/workspace/cake/sharepoint/lib/Cake/Routing/Dispatcher.php(165): Dispatcher->_invoke(Object(ProjectsController), Object(CakeRequest))
#4 /home/gemango/workspace/cake/sharepoint/app/webroot/index.php(108): Dispatcher->dispatch(Object(CakeRequest), Object(CakeResponse))
#5 {main}
2014-08-05 17:28:50 Error: Fatal Error (1): Call to undefined method SessionComponent::setFlas() in [/home/gemango/workspace/cake/sharepoint/app/Controller/AppController.php, line 56]
2014-08-05 17:28:50 Error: [FatalErrorException] Call to undefined method SessionComponent::setFlas()
Request URL: /projects/files/1
Stack Trace:
#0 /home/gemango/workspace/cake/sharepoint/lib/Cake/Error/ErrorHandler.php(203): ErrorHandler::handleFatalError(1, 'Call to undefin...', '/home/gemango/w...', 56)
#1 [internal function]: ErrorHandler::handleError(1, 'Call to undefin...', '/home/gemango/w...', 56, Array)
#2 /home/gemango/workspace/cake/sharepoint/lib/Cake/Core/App.php(931): call_user_func('ErrorHandler::h...', 1, 'Call to undefin...', '/home/gemango/w...', 56, Array)
#3 /home/gemango/workspace/cake/sharepoint/lib/Cake/Core/App.php(904): App::_checkFatalError()
#4 [internal function]: App::shutdown()
#5 {main}
2014-08-05 18:58:36 Error: [AclException] Invalid permission key "_view"
Request URL: /projects/add
Stack Trace:
#0 /home/gemango/workspace/cake/sharepoint/lib/Cake/Controller/Component/Acl/DbAcl.php(88): Permission->allow('1:2', 'files/test_1', 'view', 1)
#1 /home/gemango/workspace/cake/sharepoint/lib/Cake/Controller/Component/AclComponent.php(123): DbAcl->allow('1:2', 'files/test_1', 'view')
#2 /home/gemango/workspace/cake/sharepoint/app/Controller/Component/AclExtComponent.php(66): AclComponent->allow('1:2', 'files/test_1', 'view')
#3 /home/gemango/workspace/cake/sharepoint/app/Controller/ProjectsController.php(16): AclExtComponent->project_init(Array)
#4 [internal function]: ProjectsController->add()
#5 /home/gemango/workspace/cake/sharepoint/lib/Cake/Controller/Controller.php(490): ReflectionMethod->invokeArgs(Object(ProjectsController), Array)
#6 /home/gemango/workspace/cake/sharepoint/lib/Cake/Routing/Dispatcher.php(191): Controller->invokeAction(Object(CakeRequest))
#7 /home/gemango/workspace/cake/sharepoint/lib/Cake/Routing/Dispatcher.php(165): Dispatcher->_invoke(Object(ProjectsController), Object(CakeRequest))
#8 /home/gemango/workspace/cake/sharepoint/app/webroot/index.php(108): Dispatcher->dispatch(Object(CakeRequest), Object(CakeResponse))
#9 {main}
2014-08-05 18:58:36 Error: [AclException] Invalid permission key "_view"
Request URL: /projects/add
Stack Trace:
#0 /home/gemango/workspace/cake/sharepoint/lib/Cake/Controller/Component/Acl/DbAcl.php(88): Permission->allow('2:2', 'files/test_2', 'view', 1)
#1 /home/gemango/workspace/cake/sharepoint/lib/Cake/Controller/Component/AclComponent.php(123): DbAcl->allow('2:2', 'files/test_2', 'view')
#2 /home/gemango/workspace/cake/sharepoint/app/Controller/Component/AclExtComponent.php(66): AclComponent->allow('2:2', 'files/test_2', 'view')
#3 /home/gemango/workspace/cake/sharepoint/app/Controller/ProjectsController.php(16): AclExtComponent->project_init(Array)
#4 [internal function]: ProjectsController->add()
#5 /home/gemango/workspace/cake/sharepoint/lib/Cake/Controller/Controller.php(490): ReflectionMethod->invokeArgs(Object(ProjectsController), Array)
#6 /home/gemango/workspace/cake/sharepoint/lib/Cake/Routing/Dispatcher.php(191): Controller->invokeAction(Object(CakeRequest))
#7 /home/gemango/workspace/cake/sharepoint/lib/Cake/Routing/Dispatcher.php(165): Dispatcher->_invoke(Object(ProjectsController), Object(CakeRequest))
#8 /home/gemango/workspace/cake/sharepoint/app/webroot/index.php(108): Dispatcher->dispatch(Object(CakeRequest), Object(CakeResponse))
#9 {main}
2014-08-05 19:00:30 Error: [AclException] Invalid permission key "_view"
Request URL: /projects/add
Stack Trace:
#0 /home/gemango/workspace/cake/sharepoint/lib/Cake/Controller/Component/Acl/DbAcl.php(88): Permission->allow('1:2', 'files/test_1', 'view', 1)
#1 /home/gemango/workspace/cake/sharepoint/lib/Cake/Controller/Component/AclComponent.php(123): DbAcl->allow('1:2', 'files/test_1', 'view')
#2 /home/gemango/workspace/cake/sharepoint/app/Controller/Component/AclExtComponent.php(66): AclComponent->allow('1:2', 'files/test_1', 'view')
#3 /home/gemango/workspace/cake/sharepoint/app/Controller/ProjectsController.php(16): AclExtComponent->project_init(Array)
#4 [internal function]: ProjectsController->add()
#5 /home/gemango/workspace/cake/sharepoint/lib/Cake/Controller/Controller.php(490): ReflectionMethod->invokeArgs(Object(ProjectsController), Array)
#6 /home/gemango/workspace/cake/sharepoint/lib/Cake/Routing/Dispatcher.php(191): Controller->invokeAction(Object(CakeRequest))
#7 /home/gemango/workspace/cake/sharepoint/lib/Cake/Routing/Dispatcher.php(165): Dispatcher->_invoke(Object(ProjectsController), Object(CakeRequest))
#8 /home/gemango/workspace/cake/sharepoint/app/webroot/index.php(108): Dispatcher->dispatch(Object(CakeRequest), Object(CakeResponse))
#9 {main}
2014-08-07 17:37:30 Error: Fatal Error (1): Allowed memory size of 134217728 bytes exhausted (tried to allocate 93256731 bytes) in [/home/gemango/workspace/cake/sharepoint/lib/Cake/basics.php, line 248]
2014-08-07 17:37:30 Error: [FatalErrorException] Allowed memory size of 134217728 bytes exhausted (tried to allocate 93256731 bytes)
Request URL: /projects/add_user/1
Stack Trace:
#0 /home/gemango/workspace/cake/sharepoint/lib/Cake/Error/ErrorHandler.php(203): ErrorHandler::handleFatalError(1, 'Allowed memory ...', '/home/gemango/w...', 248)
#1 [internal function]: ErrorHandler::handleError(1, 'Allowed memory ...', '/home/gemango/w...', 248, Array)
#2 /home/gemango/workspace/cake/sharepoint/lib/Cake/Core/App.php(931): call_user_func('ErrorHandler::h...', 1, 'Allowed memory ...', '/home/gemango/w...', 248, Array)
#3 /home/gemango/workspace/cake/sharepoint/lib/Cake/Core/App.php(904): App::_checkFatalError()
#4 [internal function]: App::shutdown()
#5 {main}
2014-08-07 17:37:37 Error: Fatal Error (1): Allowed memory size of 134217728 bytes exhausted (tried to allocate 93256731 bytes) in [/home/gemango/workspace/cake/sharepoint/lib/Cake/basics.php, line 248]
2014-08-07 17:37:37 Error: [FatalErrorException] Allowed memory size of 134217728 bytes exhausted (tried to allocate 93256731 bytes)
Request URL: /projects/add_user/1
Stack Trace:
#0 /home/gemango/workspace/cake/sharepoint/lib/Cake/Error/ErrorHandler.php(203): ErrorHandler::handleFatalError(1, 'Allowed memory ...', '/home/gemango/w...', 248)
#1 [internal function]: ErrorHandler::handleError(1, 'Allowed memory ...', '/home/gemango/w...', 248, Array)
#2 /home/gemango/workspace/cake/sharepoint/lib/Cake/Core/App.php(931): call_user_func('ErrorHandler::h...', 1, 'Allowed memory ...', '/home/gemango/w...', 248, Array)
#3 /home/gemango/workspace/cake/sharepoint/lib/Cake/Core/App.php(904): App::_checkFatalError()
#4 [internal function]: App::shutdown()
#5 {main}
2014-08-07 19:30:19 Error: Fatal Error (4): syntax error, unexpected ')' in [/home/gemango/workspace/cake/sharepoint/app/Controller/Component/Auth/CustomAuthorize.php, line 9]
2014-08-07 19:30:19 Error: [FatalErrorException] syntax error, unexpected ')'
Request URL: /projects
Stack Trace:
#0 /home/gemango/workspace/cake/sharepoint/lib/Cake/Error/ErrorHandler.php(203): ErrorHandler::handleFatalError(4, 'syntax error, u...', '/home/gemango/w...', 9)
#1 [internal function]: ErrorHandler::handleError(4, 'syntax error, u...', '/home/gemango/w...', 9, Array)
#2 /home/gemango/workspace/cake/sharepoint/lib/Cake/Core/App.php(931): call_user_func('ErrorHandler::h...', 4, 'syntax error, u...', '/home/gemango/w...', 9, Array)
#3 /home/gemango/workspace/cake/sharepoint/lib/Cake/Core/App.php(904): App::_checkFatalError()
#4 [internal function]: App::shutdown()
#5 {main}
2014-08-07 19:32:43 Error: [MissingControllerException] Controller class UserController could not be found.
Exception Attributes: array (
  'class' => 'UserController',
  'plugin' => NULL,
)
Request URL: /user/logout
Stack Trace:
#0 /home/gemango/workspace/cake/sharepoint/app/webroot/index.php(108): Dispatcher->dispatch(Object(CakeRequest), Object(CakeResponse))
#1 {main}
2014-08-07 19:42:17 Error: [MissingActionException] Action ProjectsController::edit() could not be found.
Exception Attributes: array (
  'controller' => 'ProjectsController',
  'action' => 'edit',
)
Request URL: /projects/edit/1
Stack Trace:
#0 /home/gemango/workspace/cake/sharepoint/lib/Cake/Routing/Dispatcher.php(191): Controller->invokeAction(Object(CakeRequest))
#1 /home/gemango/workspace/cake/sharepoint/lib/Cake/Routing/Dispatcher.php(165): Dispatcher->_invoke(Object(ProjectsController), Object(CakeRequest))
#2 /home/gemango/workspace/cake/sharepoint/app/webroot/index.php(108): Dispatcher->dispatch(Object(CakeRequest), Object(CakeResponse))
#3 {main}
2014-08-07 19:53:23 Error: [MissingActionException] Action ProjectsController::1() could not be found.
Exception Attributes: array (
  'controller' => 'ProjectsController',
  'action' => '1',
)
Request URL: /projects/1
Stack Trace:
#0 /home/gemango/workspace/cake/sharepoint/lib/Cake/Routing/Dispatcher.php(191): Controller->invokeAction(Object(CakeRequest))
#1 /home/gemango/workspace/cake/sharepoint/lib/Cake/Routing/Dispatcher.php(165): Dispatcher->_invoke(Object(ProjectsController), Object(CakeRequest))
#2 /home/gemango/workspace/cake/sharepoint/app/webroot/index.php(108): Dispatcher->dispatch(Object(CakeRequest), Object(CakeResponse))
#3 {main}
2014-08-07 20:52:02 Error: [MissingActionException] Action ProjectsController::edit() could not be found.
Exception Attributes: array (
  'controller' => 'ProjectsController',
  'action' => 'edit',
)
Request URL: /projects/edit/1
Stack Trace:
#0 /home/gemango/workspace/cake/sharepoint/lib/Cake/Routing/Dispatcher.php(191): Controller->invokeAction(Object(CakeRequest))
#1 /home/gemango/workspace/cake/sharepoint/lib/Cake/Routing/Dispatcher.php(165): Dispatcher->_invoke(Object(ProjectsController), Object(CakeRequest))
#2 /home/gemango/workspace/cake/sharepoint/app/webroot/index.php(108): Dispatcher->dispatch(Object(CakeRequest), Object(CakeResponse))
#3 {main}
2014-08-07 20:52:56 Error: [MissingViewException] View file "/home/gemango/workspace/cake/sharepoint/app/View/Projects/edit.ctp" is missing.
Exception Attributes: array (
  'file' => '/home/gemango/workspace/cake/sharepoint/app/View/Projects/edit.ctp',
)
Request URL: /projects/edit/1
Stack Trace:
#0 /home/gemango/workspace/cake/sharepoint/lib/Cake/View/View.php(468): View->_getViewFileName(NULL)
#1 /home/gemango/workspace/cake/sharepoint/lib/Cake/Controller/Controller.php(954): View->render(NULL, NULL)
#2 /home/gemango/workspace/cake/sharepoint/lib/Cake/Routing/Dispatcher.php(198): Controller->render()
#3 /home/gemango/workspace/cake/sharepoint/lib/Cake/Routing/Dispatcher.php(165): Dispatcher->_invoke(Object(ProjectsController), Object(CakeRequest))
#4 /home/gemango/workspace/cake/sharepoint/app/webroot/index.php(108): Dispatcher->dispatch(Object(CakeRequest), Object(CakeResponse))
#5 {main}
